<?xml version="1.0" encoding="UTF-8"?>
<!-- Generated by org.testng.reporters.JUnitReportReporter -->
<testsuite hostname="Brijesh" failures="0" tests="2" name="test.LoginTest" time="7.056" errors="0" timestamp="2023-02-06T11:56:17 EST" skipped="0">
  <testcase classname="test.LoginTest" name="verifyPageTitleTest" time="3.057"/>
  <system-out/>
  <testcase classname="test.LoginTest" name="verifyLogo" time="3.999"/>
  <system-out/>
</testsuite> <!-- test.LoginTest -->
