<?xml version="1.0" encoding="UTF-8"?>
<!-- Generated by org.testng.reporters.JUnitReportReporter -->
<testsuite hostname="Brijesh" failures="0" tests="2" name="test.LoginTest" time="4.437" errors="0" timestamp="2023-02-06T01:34:15 EST" skipped="0">
  <testcase classname="test.LoginTest" name="verifyPageTitleTest" time="2.105"/>
  <system-out/>
  <testcase classname="test.LoginTest" name="verifyLogo" time="2.332"/>
  <system-out/>
</testsuite> <!-- test.LoginTest -->
