<?xml version="1.0" encoding="UTF-8"?>
<!-- Generated by org.testng.reporters.JUnitReportReporter -->
<testsuite hostname="Brijesh" failures="0" tests="1" name="test.AccountPermissionTest" time="15.264" errors="0" timestamp="2023-02-06T11:59:51 EST" skipped="0">
  <testcase classname="test.AccountPermissionTest" name="verifycreateAccount" time="15.264"/>
  <system-out/>
</testsuite> <!-- test.AccountPermissionTest -->
